This file contains any messages produced by compilers while
running configure, to aid debugging if configure makes a mistake.

It was created by pocketvox configure 0.0.1, which was
generated by GNU Autoconf 2.69.  Invocation command line was

  $ ./configure --enable-introspection=yes --enable-gtk-doc

## --------- ##
## Platform. ##
## --------- ##

hostname = me
uname -m = x86_64
uname -r = 3.16.0-25-generic
uname -s = Linux
uname -v = #33-Ubuntu SMP Tue Nov 4 12:06:54 UTC 2014

/usr/bin/uname -p = unknown
/bin/uname -X     = unknown

/bin/arch              = unknown
/usr/bin/arch -k       = unknown
/usr/convex/getsysinfo = unknown
/usr/bin/hostinfo      = unknown
/bin/machine           = unknown
/usr/bin/oslevel       = unknown
/bin/universe          = unknown

PATH: /home/mohamed/.rvm/gems/ruby-2.1.3/bin
PATH: /home/mohamed/.rvm/gems/ruby-2.1.3@global/bin
PATH: /home/mohamed/.rvm/rubies/ruby-2.1.3/bin
PATH: /usr/local/sbin
PATH: /usr/local/bin
PATH: /usr/sbin
PATH: /usr/bin
PATH: /sbin
PATH: /bin
PATH: /usr/games
PATH: /usr/local/games
PATH: /home/mohamed/.rvm/bin
PATH: /home/mohamed/.rvm/bin


## ----------- ##
## Core tests. ##
## ----------- ##

configure:2440: checking for a BSD-compatible install
configure:2508: result: /usr/bin/install -c
configure:2519: checking whether build environment is sane
configure:2574: result: yes
configure:2725: checking for a thread-safe mkdir -p
configure:2764: result: /bin/mkdir -p
configure:2771: checking for gawk
configure:2787: found /usr/bin/gawk
configure:2798: result: gawk
configure:2809: checking whether make sets $(MAKE)
configure:2831: result: yes
configure:2860: checking whether make supports nested variables
configure:2877: result: yes
configure:3014: checking whether make supports nested variables
configure:3031: result: yes
configure:3072: checking build system type
configure:3086: result: x86_64-unknown-linux-gnu
configure:3106: checking host system type
configure:3119: result: x86_64-unknown-linux-gnu
configure:3160: checking how to print strings
configure:3187: result: printf
configure:3220: checking for style of include used by make
configure:3248: result: GNU
configure:3319: checking for gcc
configure:3335: found /usr/bin/gcc
configure:3346: result: gcc
configure:3575: checking for C compiler version
configure:3584: gcc --version >&5
gcc (Ubuntu 4.9.1-16ubuntu6) 4.9.1
Copyright (C) 2014 Free Software Foundation, Inc.
This is free software; see the source for copying conditions.  There is NO
warranty; not even for MERCHANTABILITY or FITNESS FOR A PARTICULAR PURPOSE.

configure:3595: $? = 0
configure:3584: gcc -v >&5
Using built-in specs.
COLLECT_GCC=gcc
COLLECT_LTO_WRAPPER=/usr/lib/gcc/x86_64-linux-gnu/4.9/lto-wrapper
Target: x86_64-linux-gnu
Configured with: ../src/configure -v --with-pkgversion='Ubuntu 4.9.1-16ubuntu6' --with-bugurl=file:///usr/share/doc/gcc-4.9/README.Bugs --enable-languages=c,c++,java,go,d,fortran,objc,obj-c++ --prefix=/usr --program-suffix=-4.9 --enable-shared --enable-linker-build-id --libexecdir=/usr/lib --without-included-gettext --enable-threads=posix --with-gxx-include-dir=/usr/include/c++/4.9 --libdir=/usr/lib --enable-nls --with-sysroot=/ --enable-clocale=gnu --enable-libstdcxx-debug --enable-libstdcxx-time=yes --enable-gnu-unique-object --disable-vtable-verify --enable-plugin --with-system-zlib --disable-browser-plugin --enable-java-awt=gtk --enable-gtk-cairo --with-java-home=/usr/lib/jvm/java-1.5.0-gcj-4.9-amd64/jre --enable-java-home --with-jvm-root-dir=/usr/lib/jvm/java-1.5.0-gcj-4.9-amd64 --with-jvm-jar-dir=/usr/lib/jvm-exports/java-1.5.0-gcj-4.9-amd64 --with-arch-directory=amd64 --with-ecj-jar=/usr/share/java/eclipse-ecj.jar --enable-objc-gc --enable-multiarch --disable-werror --with-arch-32=i686 --with-abi=m64 --with-multilib-list=m32,m64,mx32 --enable-multilib --with-tune=generic --enable-checking=release --build=x86_64-linux-gnu --host=x86_64-linux-gnu --target=x86_64-linux-gnu
Thread model: posix
gcc version 4.9.1 (Ubuntu 4.9.1-16ubuntu6) 
configure:3595: $? = 0
configure:3584: gcc -V >&5
gcc: error: unrecognized command line option '-V'
gcc: fatal error: no input files
compilation terminated.
configure:3595: $? = 4
configure:3584: gcc -qversion >&5
gcc: error: unrecognized command line option '-qversion'
gcc: fatal error: no input files
compilation terminated.
configure:3595: $? = 4
configure:3615: checking whether the C compiler works
configure:3637: gcc    conftest.c  >&5
configure:3641: $? = 0
configure:3689: result: yes
configure:3692: checking for C compiler default output file name
configure:3694: result: a.out
configure:3700: checking for suffix of executables
configure:3707: gcc -o conftest    conftest.c  >&5
configure:3711: $? = 0
configure:3733: result: 
configure:3755: checking whether we are cross compiling
configure:3763: gcc -o conftest    conftest.c  >&5
configure:3767: $? = 0
configure:3774: ./conftest
configure:3778: $? = 0
configure:3793: result: no
configure:3798: checking for suffix of object files
configure:3820: gcc -c   conftest.c >&5
configure:3824: $? = 0
configure:3845: result: o
configure:3849: checking whether we are using the GNU C compiler
configure:3868: gcc -c   conftest.c >&5
configure:3868: $? = 0
configure:3877: result: yes
configure:3886: checking whether gcc accepts -g
configure:3906: gcc -c -g  conftest.c >&5
configure:3906: $? = 0
configure:3947: result: yes
configure:3964: checking for gcc option to accept ISO C89
configure:4027: gcc  -c -g -O2  conftest.c >&5
configure:4027: $? = 0
configure:4040: result: none needed
configure:4065: checking whether gcc understands -c and -o together
configure:4087: gcc -c conftest.c -o conftest2.o
configure:4090: $? = 0
configure:4087: gcc -c conftest.c -o conftest2.o
configure:4090: $? = 0
configure:4102: result: yes
configure:4121: checking dependency style of gcc
configure:4232: result: gcc3
configure:4247: checking for a sed that does not truncate output
configure:4311: result: /bin/sed
configure:4329: checking for grep that handles long lines and -e
configure:4387: result: /bin/grep
configure:4392: checking for egrep
configure:4454: result: /bin/grep -E
configure:4459: checking for fgrep
configure:4521: result: /bin/grep -F
configure:4556: checking for ld used by gcc
configure:4623: result: /usr/bin/ld
configure:4630: checking if the linker (/usr/bin/ld) is GNU ld
configure:4645: result: yes
configure:4657: checking for BSD- or MS-compatible name lister (nm)
configure:4706: result: /usr/bin/nm -B
configure:4836: checking the name lister (/usr/bin/nm -B) interface
configure:4843: gcc -c -g -O2  conftest.c >&5
configure:4846: /usr/bin/nm -B "conftest.o"
configure:4849: output
0000000000000000 B some_variable
configure:4856: result: BSD nm
configure:4859: checking whether ln -s works
configure:4863: result: yes
configure:4871: checking the maximum length of command line arguments
configure:5002: result: 1572864
configure:5019: checking whether the shell understands some XSI constructs
configure:5029: result: yes
configure:5033: checking whether the shell understands "+="
configure:5039: result: yes
configure:5074: checking how to convert x86_64-unknown-linux-gnu file names to x86_64-unknown-linux-gnu format
configure:5114: result: func_convert_file_noop
configure:5121: checking how to convert x86_64-unknown-linux-gnu file names to toolchain format
configure:5141: result: func_convert_file_noop
configure:5148: checking for /usr/bin/ld option to reload object files
configure:5155: result: -r
configure:5229: checking for objdump
configure:5245: found /usr/bin/objdump
configure:5256: result: objdump
configure:5288: checking how to recognize dependent libraries
configure:5486: result: pass_all
configure:5571: checking for dlltool
configure:5601: result: no
configure:5631: checking how to associate runtime and link libraries
configure:5658: result: printf %s\n
configure:5719: checking for ar
configure:5735: found /usr/bin/ar
configure:5746: result: ar
configure:5783: checking for archiver @FILE support
configure:5800: gcc -c -g -O2  conftest.c >&5
configure:5800: $? = 0
configure:5803: ar cru libconftest.a @conftest.lst >&5
configure:5806: $? = 0
configure:5811: ar cru libconftest.a @conftest.lst >&5
ar: conftest.o: No such file or directory
configure:5814: $? = 1
configure:5826: result: @
configure:5884: checking for strip
configure:5900: found /usr/bin/strip
configure:5911: result: strip
configure:5983: checking for ranlib
configure:5999: found /usr/bin/ranlib
configure:6010: result: ranlib
configure:6112: checking command to parse /usr/bin/nm -B output from gcc object
configure:6232: gcc -c -g -O2  conftest.c >&5
configure:6235: $? = 0
configure:6239: /usr/bin/nm -B conftest.o \| sed -n -e 's/^.*[ ]\([ABCDGIRSTW][ABCDGIRSTW]*\)[ ][ ]*\([_A-Za-z][_A-Za-z0-9]*\)$/\1 \2 \2/p' | sed '/ __gnu_lto/d' \> conftest.nm
configure:6242: $? = 0
configure:6308: gcc -o conftest -g -O2   conftest.c conftstm.o >&5
configure:6311: $? = 0
configure:6349: result: ok
configure:6386: checking for sysroot
configure:6416: result: no
configure:6493: gcc -c -g -O2  conftest.c >&5
configure:6496: $? = 0
configure:6685: checking for mt
configure:6701: found /bin/mt
configure:6712: result: mt
configure:6735: checking if mt is a manifest tool
configure:6741: mt '-?'
configure:6749: result: no
configure:7391: checking how to run the C preprocessor
configure:7422: gcc -E  conftest.c
configure:7422: $? = 0
configure:7436: gcc -E  conftest.c
conftest.c:11:28: fatal error: ac_nonexistent.h: No such file or directory
 #include <ac_nonexistent.h>
                            ^
compilation terminated.
configure:7436: $? = 1
configure: failed program was:
| /* confdefs.h */
| #define PACKAGE_NAME "pocketvox"
| #define PACKAGE_TARNAME "pocketvox"
| #define PACKAGE_VERSION "0.0.1"
| #define PACKAGE_STRING "pocketvox 0.0.1"
| #define PACKAGE_BUGREPORT ""
| #define PACKAGE_URL ""
| #define PACKAGE "pocketvox"
| #define VERSION "0.0.1"
| /* end confdefs.h.  */
| #include <ac_nonexistent.h>
configure:7461: result: gcc -E
configure:7481: gcc -E  conftest.c
configure:7481: $? = 0
configure:7495: gcc -E  conftest.c
conftest.c:11:28: fatal error: ac_nonexistent.h: No such file or directory
 #include <ac_nonexistent.h>
                            ^
compilation terminated.
configure:7495: $? = 1
configure: failed program was:
| /* confdefs.h */
| #define PACKAGE_NAME "pocketvox"
| #define PACKAGE_TARNAME "pocketvox"
| #define PACKAGE_VERSION "0.0.1"
| #define PACKAGE_STRING "pocketvox 0.0.1"
| #define PACKAGE_BUGREPORT ""
| #define PACKAGE_URL ""
| #define PACKAGE "pocketvox"
| #define VERSION "0.0.1"
| /* end confdefs.h.  */
| #include <ac_nonexistent.h>
configure:7524: checking for ANSI C header files
configure:7544: gcc -c -g -O2  conftest.c >&5
configure:7544: $? = 0
configure:7617: gcc -o conftest -g -O2   conftest.c  >&5
configure:7617: $? = 0
configure:7617: ./conftest
configure:7617: $? = 0
configure:7628: result: yes
configure:7641: checking for sys/types.h
configure:7641: gcc -c -g -O2  conftest.c >&5
configure:7641: $? = 0
configure:7641: result: yes
configure:7641: checking for sys/stat.h
configure:7641: gcc -c -g -O2  conftest.c >&5
configure:7641: $? = 0
configure:7641: result: yes
configure:7641: checking for stdlib.h
configure:7641: gcc -c -g -O2  conftest.c >&5
configure:7641: $? = 0
configure:7641: result: yes
configure:7641: checking for string.h
configure:7641: gcc -c -g -O2  conftest.c >&5
configure:7641: $? = 0
configure:7641: result: yes
configure:7641: checking for memory.h
configure:7641: gcc -c -g -O2  conftest.c >&5
configure:7641: $? = 0
configure:7641: result: yes
configure:7641: checking for strings.h
configure:7641: gcc -c -g -O2  conftest.c >&5
configure:7641: $? = 0
configure:7641: result: yes
configure:7641: checking for inttypes.h
configure:7641: gcc -c -g -O2  conftest.c >&5
configure:7641: $? = 0
configure:7641: result: yes
configure:7641: checking for stdint.h
configure:7641: gcc -c -g -O2  conftest.c >&5
configure:7641: $? = 0
configure:7641: result: yes
configure:7641: checking for unistd.h
configure:7641: gcc -c -g -O2  conftest.c >&5
configure:7641: $? = 0
configure:7641: result: yes
configure:7655: checking for dlfcn.h
configure:7655: gcc -c -g -O2  conftest.c >&5
configure:7655: $? = 0
configure:7655: result: yes
configure:7861: checking for objdir
configure:7876: result: .libs
configure:8147: checking if gcc supports -fno-rtti -fno-exceptions
configure:8165: gcc -c -g -O2  -fno-rtti -fno-exceptions conftest.c >&5
cc1: warning: command line option '-fno-rtti' is valid for C++/ObjC++ but not for C
configure:8169: $? = 0
configure:8182: result: no
configure:8509: checking for gcc option to produce PIC
configure:8516: result: -fPIC -DPIC
configure:8524: checking if gcc PIC flag -fPIC -DPIC works
configure:8542: gcc -c -g -O2  -fPIC -DPIC -DPIC conftest.c >&5
configure:8546: $? = 0
configure:8559: result: yes
configure:8588: checking if gcc static flag -static works
configure:8616: result: yes
configure:8631: checking if gcc supports -c -o file.o
configure:8652: gcc -c -g -O2  -o out/conftest2.o conftest.c >&5
configure:8656: $? = 0
configure:8678: result: yes
configure:8686: checking if gcc supports -c -o file.o
configure:8733: result: yes
configure:8766: checking whether the gcc linker (/usr/bin/ld -m elf_x86_64) supports shared libraries
configure:9923: result: yes
configure:9960: checking whether -lc should be explicitly linked in
configure:9968: gcc -c -g -O2  conftest.c >&5
configure:9971: $? = 0
configure:9986: gcc -shared  -fPIC -DPIC conftest.o  -v -Wl,-soname -Wl,conftest -o conftest 2\>\&1 \| /bin/grep  -lc  \>/dev/null 2\>\&1
configure:9989: $? = 0
configure:10003: result: no
configure:10163: checking dynamic linker characteristics
configure:10663: gcc -o conftest -g -O2   -Wl,-rpath -Wl,/foo conftest.c  >&5
configure:10663: $? = 0
configure:10897: result: GNU/Linux ld.so
configure:11004: checking how to hardcode library paths into programs
configure:11029: result: immediate
configure:11569: checking whether stripping libraries is possible
configure:11574: result: yes
configure:11609: checking if libtool supports shared libraries
configure:11611: result: yes
configure:11614: checking whether to build shared libraries
configure:11635: result: yes
configure:11638: checking whether to build static libraries
configure:11642: result: yes
configure:11681: checking whether to enable maintainer-specific portions of Makefiles
configure:11690: result: no
configure:11706: checking for library containing strerror
configure:11737: gcc -o conftest -g -O2   conftest.c  >&5
configure:11737: $? = 0
configure:11754: result: none required
configure:11762: checking for ANSI C header files
configure:11866: result: yes
configure:11951: checking for gcc
configure:11978: result: gcc
configure:12207: checking for C compiler version
configure:12216: gcc --version >&5
gcc (Ubuntu 4.9.1-16ubuntu6) 4.9.1
Copyright (C) 2014 Free Software Foundation, Inc.
This is free software; see the source for copying conditions.  There is NO
warranty; not even for MERCHANTABILITY or FITNESS FOR A PARTICULAR PURPOSE.

configure:12227: $? = 0
configure:12216: gcc -v >&5
Using built-in specs.
COLLECT_GCC=gcc
COLLECT_LTO_WRAPPER=/usr/lib/gcc/x86_64-linux-gnu/4.9/lto-wrapper
Target: x86_64-linux-gnu
Configured with: ../src/configure -v --with-pkgversion='Ubuntu 4.9.1-16ubuntu6' --with-bugurl=file:///usr/share/doc/gcc-4.9/README.Bugs --enable-languages=c,c++,java,go,d,fortran,objc,obj-c++ --prefix=/usr --program-suffix=-4.9 --enable-shared --enable-linker-build-id --libexecdir=/usr/lib --without-included-gettext --enable-threads=posix --with-gxx-include-dir=/usr/include/c++/4.9 --libdir=/usr/lib --enable-nls --with-sysroot=/ --enable-clocale=gnu --enable-libstdcxx-debug --enable-libstdcxx-time=yes --enable-gnu-unique-object --disable-vtable-verify --enable-plugin --with-system-zlib --disable-browser-plugin --enable-java-awt=gtk --enable-gtk-cairo --with-java-home=/usr/lib/jvm/java-1.5.0-gcj-4.9-amd64/jre --enable-java-home --with-jvm-root-dir=/usr/lib/jvm/java-1.5.0-gcj-4.9-amd64 --with-jvm-jar-dir=/usr/lib/jvm-exports/java-1.5.0-gcj-4.9-amd64 --with-arch-directory=amd64 --with-ecj-jar=/usr/share/java/eclipse-ecj.jar --enable-objc-gc --enable-multiarch --disable-werror --with-arch-32=i686 --with-abi=m64 --with-multilib-list=m32,m64,mx32 --enable-multilib --with-tune=generic --enable-checking=release --build=x86_64-linux-gnu --host=x86_64-linux-gnu --target=x86_64-linux-gnu
Thread model: posix
gcc version 4.9.1 (Ubuntu 4.9.1-16ubuntu6) 
configure:12227: $? = 0
configure:12216: gcc -V >&5
gcc: error: unrecognized command line option '-V'
gcc: fatal error: no input files
compilation terminated.
configure:12227: $? = 4
configure:12216: gcc -qversion >&5
gcc: error: unrecognized command line option '-qversion'
gcc: fatal error: no input files
compilation terminated.
configure:12227: $? = 4
configure:12231: checking whether we are using the GNU C compiler
configure:12259: result: yes
configure:12268: checking whether gcc accepts -g
configure:12329: result: yes
configure:12346: checking for gcc option to accept ISO C89
configure:12422: result: none needed
configure:12447: checking whether gcc understands -c and -o together
configure:12484: result: yes
configure:12503: checking dependency style of gcc
configure:12614: result: gcc3
configure:12714: checking for pkg-config
configure:12732: found /usr/bin/pkg-config
configure:12744: result: /usr/bin/pkg-config
configure:12769: checking pkg-config is at least version 0.16
configure:12772: result: yes
configure:12789: checking for GLIB - version >= 2.0.0
configure:12901: gcc -o conftest -g -O2 -I/usr/include/glib-2.0 -I/usr/lib/x86_64-linux-gnu/glib-2.0/include    conftest.c -lglib-2.0   >&5
configure:12901: $? = 0
configure:12901: ./conftest
configure:12901: $? = 0
configure:12915: result: yes (version 2.42.0)
configure:13037: checking for pkg-config
configure:13067: result: /usr/bin/pkg-config
configure:13092: checking pkg-config is at least version 0.16
configure:13095: result: yes
configure:13132: checking for debug flags
configure:13143: result: debug off
configure:13151: checking for GLIB
configure:13236: result: yes
configure:13240: result: GLIB_CFLAGS=-I/usr/include/glib-2.0 -I/usr/lib/x86_64-linux-gnu/glib-2.0/include 
configure:13242: result: GLIB_LIBS=-lglib-2.0 
configure:13250: checking for GSTREAMER
configure:13257: $PKG_CONFIG --exists --print-errors "gstreamer-0.10"
configure:13260: $? = 0
configure:13274: $PKG_CONFIG --exists --print-errors "gstreamer-0.10"
configure:13277: $? = 0
configure:13335: result: yes
configure:13339: result: GSTREAMER_CFLAGS=-pthread -I/usr/include/gstreamer-0.10 -I/usr/include/glib-2.0 -I/usr/lib/x86_64-linux-gnu/glib-2.0/include -I/usr/include/libxml2 
configure:13341: result: GSTREAMER_LIBS=-lgstreamer-0.10 -lgobject-2.0 -lgmodule-2.0 -pthread -lgthread-2.0 -pthread -lglib-2.0 -lxml2 
configure:13349: checking for GTK3
configure:13356: $PKG_CONFIG --exists --print-errors "gtk+-3.0"
configure:13359: $? = 0
configure:13373: $PKG_CONFIG --exists --print-errors "gtk+-3.0"
configure:13376: $? = 0
configure:13434: result: yes
configure:13438: result: GTK3_CFLAGS=-pthread -I/usr/include/gtk-3.0 -I/usr/include/at-spi2-atk/2.0 -I/usr/include/at-spi-2.0 -I/usr/include/dbus-1.0 -I/usr/lib/x86_64-linux-gnu/dbus-1.0/include -I/usr/include/gtk-3.0 -I/usr/include/gio-unix-2.0/ -I/usr/include/mirclient -I/usr/include/mircommon -I/usr/include/cairo -I/usr/include/pango-1.0 -I/usr/include/harfbuzz -I/usr/include/pango-1.0 -I/usr/include/atk-1.0 -I/usr/include/cairo -I/usr/include/pixman-1 -I/usr/include/freetype2 -I/usr/include/libpng12 -I/usr/include/gdk-pixbuf-2.0 -I/usr/include/libpng12 -I/usr/include/glib-2.0 -I/usr/lib/x86_64-linux-gnu/glib-2.0/include 
configure:13440: result: GTK3_LIBS=-lgtk-3 -lgdk-3 -lpangocairo-1.0 -lpango-1.0 -latk-1.0 -lcairo-gobject -lcairo -lgdk_pixbuf-2.0 -lgio-2.0 -lgobject-2.0 -lglib-2.0 
configure:13448: checking for GDK
configure:13455: $PKG_CONFIG --exists --print-errors "gdk-3.0"
configure:13458: $? = 0
configure:13472: $PKG_CONFIG --exists --print-errors "gdk-3.0"
configure:13475: $? = 0
configure:13533: result: yes
configure:13537: result: GDK_CFLAGS=-pthread -I/usr/include/gtk-3.0 -I/usr/include/gio-unix-2.0/ -I/usr/include/mirclient -I/usr/include/mircommon -I/usr/include/cairo -I/usr/include/pango-1.0 -I/usr/include/harfbuzz -I/usr/include/pango-1.0 -I/usr/include/gdk-pixbuf-2.0 -I/usr/include/libpng12 -I/usr/include/cairo -I/usr/include/pixman-1 -I/usr/include/freetype2 -I/usr/include/libpng12 -I/usr/include/glib-2.0 -I/usr/lib/x86_64-linux-gnu/glib-2.0/include 
configure:13539: result: GDK_LIBS=-lgdk-3 -lpangocairo-1.0 -lpango-1.0 -lgdk_pixbuf-2.0 -lcairo-gobject -lcairo -lgobject-2.0 -lglib-2.0 
configure:13547: checking for POCKETSPHINX
configure:13554: $PKG_CONFIG --exists --print-errors "pocketsphinx"
configure:13557: $? = 0
configure:13571: $PKG_CONFIG --exists --print-errors "pocketsphinx"
configure:13574: $? = 0
configure:13632: result: yes
configure:13636: result: POCKETSPHINX_CFLAGS=-I/usr/local/include -I/usr/local/include/sphinxbase -I/usr/local/include/pocketsphinx -I/usr/local/include -I/usr/local/include/sphinxbase 
configure:13638: result: POCKETSPHINX_LIBS=-L/usr/local/lib -lpocketsphinx -lsphinxbase -lsphinxad -lpthread -lm 
configure:13646: checking for LIBNOTIFY
configure:13653: $PKG_CONFIG --exists --print-errors "libnotify"
configure:13656: $? = 0
configure:13670: $PKG_CONFIG --exists --print-errors "libnotify"
configure:13673: $? = 0
configure:13731: result: yes
configure:13735: result: LIBNOTIFY_CFLAGS=-pthread -I/usr/include/gdk-pixbuf-2.0 -I/usr/include/libpng12 -I/usr/include/glib-2.0 -I/usr/lib/x86_64-linux-gnu/glib-2.0/include 
configure:13737: result: LIBNOTIFY_LIBS=-lnotify -lgdk_pixbuf-2.0 -lgio-2.0 -lgobject-2.0 -lglib-2.0 
configure:13745: checking for APPINDICATOR
configure:13752: $PKG_CONFIG --exists --print-errors "appindicator3-0.1"
configure:13755: $? = 0
configure:13769: $PKG_CONFIG --exists --print-errors "appindicator3-0.1"
configure:13772: $? = 0
configure:13830: result: yes
configure:13834: result: APPINDICATOR_CFLAGS=-pthread -I/usr/include/libappindicator3-0.1 -I/usr/include/libdbusmenu-glib-0.4 -I/usr/include/gtk-3.0 -I/usr/include/at-spi2-atk/2.0 -I/usr/include/at-spi-2.0 -I/usr/include/dbus-1.0 -I/usr/lib/x86_64-linux-gnu/dbus-1.0/include -I/usr/include/gtk-3.0 -I/usr/include/gio-unix-2.0/ -I/usr/include/mirclient -I/usr/include/mircommon -I/usr/include/cairo -I/usr/include/pango-1.0 -I/usr/include/harfbuzz -I/usr/include/pango-1.0 -I/usr/include/atk-1.0 -I/usr/include/cairo -I/usr/include/pixman-1 -I/usr/include/freetype2 -I/usr/include/libpng12 -I/usr/include/gdk-pixbuf-2.0 -I/usr/include/libpng12 -I/usr/include/glib-2.0 -I/usr/lib/x86_64-linux-gnu/glib-2.0/include 
configure:13836: result: APPINDICATOR_LIBS=-lappindicator3 -ldbusmenu-glib -lgtk-3 -lgdk-3 -lpangocairo-1.0 -lpango-1.0 -latk-1.0 -lcairo-gobject -lcairo -lgdk_pixbuf-2.0 -lgio-2.0 -lgobject-2.0 -lglib-2.0 
configure:13844: checking for GOBJECT
configure:13851: $PKG_CONFIG --exists --print-errors "gobject-2.0"
configure:13854: $? = 0
configure:13868: $PKG_CONFIG --exists --print-errors "gobject-2.0"
configure:13871: $? = 0
configure:13929: result: yes
configure:13933: result: GOBJECT_CFLAGS=-I/usr/include/glib-2.0 -I/usr/lib/x86_64-linux-gnu/glib-2.0/include 
configure:13935: result: GOBJECT_LIBS=-lgobject-2.0 -lglib-2.0 
configure:13941: checking for espeak_Initialize in -lespeak
configure:13966: gcc -o conftest -g -O2   conftest.c -lespeak   >&5
configure:13966: $? = 0
configure:13975: result: yes
configure:14076: checking for pkg-config
configure:14106: result: /usr/bin/pkg-config
configure:14131: checking pkg-config is at least version 0.16
configure:14134: result: yes
configure:14244: checking whether NLS is requested
configure:14253: result: yes
configure:14271: checking for intltool >= 0.35.0
configure:14273: result: 0.50.2 found
configure:14281: checking for intltool-update
configure:14299: found /usr/bin/intltool-update
configure:14311: result: /usr/bin/intltool-update
configure:14321: checking for intltool-merge
configure:14339: found /usr/bin/intltool-merge
configure:14351: result: /usr/bin/intltool-merge
configure:14361: checking for intltool-extract
configure:14379: found /usr/bin/intltool-extract
configure:14391: result: /usr/bin/intltool-extract
configure:14545: checking for xgettext
configure:14563: found /usr/bin/xgettext
configure:14575: result: /usr/bin/xgettext
configure:14585: checking for msgmerge
configure:14603: found /usr/bin/msgmerge
configure:14615: result: /usr/bin/msgmerge
configure:14625: checking for msgfmt
configure:14643: found /usr/bin/msgfmt
configure:14655: result: /usr/bin/msgfmt
configure:14665: checking for gmsgfmt
configure:14696: result: /usr/bin/msgfmt
configure:14716: checking for perl
configure:14734: found /usr/bin/perl
configure:14746: result: /usr/bin/perl
configure:14757: checking for perl >= 5.8.1
configure:14764: result: 5.20.1
configure:14768: checking for XML::Parser
configure:14771: result: ok
configure:14796: gcc -o conftest -g -O2   conftest.c -lespeak  >&5
configure:14796: $? = 0
configure:14833: checking locale.h usability
configure:14833: gcc -c -g -O2  conftest.c >&5
configure:14833: $? = 0
configure:14833: result: yes
configure:14833: checking locale.h presence
configure:14833: gcc -E  conftest.c
configure:14833: $? = 0
configure:14833: result: yes
configure:14833: checking for locale.h
configure:14833: result: yes
configure:14844: checking for LC_MESSAGES
configure:14860: gcc -o conftest -g -O2   conftest.c -lespeak  >&5
configure:14860: $? = 0
configure:14868: result: yes
configure:14885: checking libintl.h usability
configure:14885: gcc -c -g -O2  conftest.c >&5
configure:14885: $? = 0
configure:14885: result: yes
configure:14885: checking libintl.h presence
configure:14885: gcc -E  conftest.c
configure:14885: $? = 0
configure:14885: result: yes
configure:14885: checking for libintl.h
configure:14885: result: yes
configure:14893: checking for ngettext in libc
configure:14911: gcc -o conftest -g -O2   conftest.c -lespeak  >&5
configure:14911: $? = 0
configure:14920: result: yes
configure:14924: checking for dgettext in libc
configure:14942: gcc -o conftest -g -O2   conftest.c -lespeak  >&5
configure:14942: $? = 0
configure:14951: result: yes
configure:14958: checking for bind_textdomain_codeset
configure:14958: gcc -o conftest -g -O2   conftest.c -lespeak  >&5
configure:14958: $? = 0
configure:14958: result: yes
configure:15234: checking for msgfmt
configure:15261: result: /usr/bin/msgfmt
configure:15272: checking for dcgettext
configure:15272: gcc -o conftest -g -O2   conftest.c -lespeak   >&5
conftest.c:54:6: warning: conflicting types for built-in function 'dcgettext'
 char dcgettext ();
      ^
configure:15272: $? = 0
configure:15272: result: yes
configure:15282: checking if msgfmt accepts -c
configure:15297: $MSGFMT -c -o /dev/null conftest.foo
conftest.foo:3: warning: header field 'Language' missing in header
configure:15300: $? = 0
configure:15302: result: yes
configure:15312: checking for gmsgfmt
configure:15343: result: /usr/bin/msgfmt
configure:15353: checking for xgettext
configure:15380: result: /usr/bin/xgettext
configure:15399: gcc -o conftest -g -O2   conftest.c -lespeak   >&5
configure:15399: $? = 0
configure:15554: checking for gobject-introspection
configure:15563: $PKG_CONFIG --exists --print-errors "gobject-introspection-1.0"
configure:15566: $? = 0
configure:15573: $PKG_CONFIG --exists --print-errors "gobject-introspection-1.0 >= >1.32"
configure:15576: $? = 0
configure:15600: result: yes
configure:15644: checking for gtk-doc
configure:15647: $PKG_CONFIG --exists --print-errors "$gtk_doc_requires"
configure:15650: $? = 0
configure:15656: result: yes
configure:15670: checking for gtkdoc-check
configure:15686: found /usr/bin/gtkdoc-check
configure:15697: result: gtkdoc-check.test
configure:15707: checking for gtkdoc-check
configure:15725: found /usr/bin/gtkdoc-check
configure:15737: result: /usr/bin/gtkdoc-check
configure:15749: checking for gtkdoc-rebase
configure:15767: found /usr/bin/gtkdoc-rebase
configure:15779: result: /usr/bin/gtkdoc-rebase
configure:15793: checking for gtkdoc-mkpdf
configure:15811: found /usr/bin/gtkdoc-mkpdf
configure:15823: result: /usr/bin/gtkdoc-mkpdf
configure:15851: checking whether to build gtk-doc documentation
configure:15853: result: yes
configure:15866: checking for GTKDOC_DEPS
configure:15873: $PKG_CONFIG --exists --print-errors "glib-2.0 >= 2.10.0 gobject-2.0  >= 2.10.0"
configure:15876: $? = 0
configure:15890: $PKG_CONFIG --exists --print-errors "glib-2.0 >= 2.10.0 gobject-2.0  >= 2.10.0"
configure:15893: $? = 0
configure:15931: result: yes
configure:16127: checking that generated files are newer than configure
configure:16133: result: done
configure:16200: creating ./config.status

## ---------------------- ##
## Running config.status. ##
## ---------------------- ##

This file was extended by pocketvox config.status 0.0.1, which was
generated by GNU Autoconf 2.69.  Invocation command line was

  CONFIG_FILES    = 
  CONFIG_HEADERS  = 
  CONFIG_LINKS    = 
  CONFIG_COMMANDS = 
  $ ./config.status 

on me

config.status:1293: creating Makefile
config.status:1293: creating data/Makefile
config.status:1293: creating data/pocketvox.desktop
config.status:1293: creating data/pocketvox-gtk.desktop
config.status:1293: creating src/Makefile
config.status:1293: creating src/lib/Makefile
config.status:1293: creating src/gui/Makefile
config.status:1293: creating po/Makefile.in
config.status:1293: creating docs/Makefile
config.status:1293: creating docs/reference/Makefile
config.status:1293: creating pocketvox.pc
config.status:1293: creating data/pocketvox-launcher.sh
config.status:1293: creating config.h
config.status:1474: config.h is unchanged
config.status:1522: executing depfiles commands
config.status:1522: executing libtool commands
config.status:1522: executing default-1 commands
config.status:1522: executing po/stamp-it commands

## ---------------- ##
## Cache variables. ##
## ---------------- ##

ac_cv_build=x86_64-unknown-linux-gnu
ac_cv_c_compiler_gnu=yes
ac_cv_env_APPINDICATOR_CFLAGS_set=
ac_cv_env_APPINDICATOR_CFLAGS_value=
ac_cv_env_APPINDICATOR_LIBS_set=
ac_cv_env_APPINDICATOR_LIBS_value=
ac_cv_env_CC_set=
ac_cv_env_CC_value=
ac_cv_env_CFLAGS_set=
ac_cv_env_CFLAGS_value=
ac_cv_env_CPPFLAGS_set=
ac_cv_env_CPPFLAGS_value=
ac_cv_env_CPP_set=
ac_cv_env_CPP_value=
ac_cv_env_GDK_CFLAGS_set=
ac_cv_env_GDK_CFLAGS_value=
ac_cv_env_GDK_LIBS_set=
ac_cv_env_GDK_LIBS_value=
ac_cv_env_GLIB_CFLAGS_set=
ac_cv_env_GLIB_CFLAGS_value=
ac_cv_env_GLIB_LIBS_set=
ac_cv_env_GLIB_LIBS_value=
ac_cv_env_GOBJECT_CFLAGS_set=
ac_cv_env_GOBJECT_CFLAGS_value=
ac_cv_env_GOBJECT_LIBS_set=
ac_cv_env_GOBJECT_LIBS_value=
ac_cv_env_GSTREAMER_CFLAGS_set=
ac_cv_env_GSTREAMER_CFLAGS_value=
ac_cv_env_GSTREAMER_LIBS_set=
ac_cv_env_GSTREAMER_LIBS_value=
ac_cv_env_GTK3_CFLAGS_set=
ac_cv_env_GTK3_CFLAGS_value=
ac_cv_env_GTK3_LIBS_set=
ac_cv_env_GTK3_LIBS_value=
ac_cv_env_GTKDOC_DEPS_CFLAGS_set=
ac_cv_env_GTKDOC_DEPS_CFLAGS_value=
ac_cv_env_GTKDOC_DEPS_LIBS_set=
ac_cv_env_GTKDOC_DEPS_LIBS_value=
ac_cv_env_LDFLAGS_set=
ac_cv_env_LDFLAGS_value=
ac_cv_env_LIBNOTIFY_CFLAGS_set=
ac_cv_env_LIBNOTIFY_CFLAGS_value=
ac_cv_env_LIBNOTIFY_LIBS_set=
ac_cv_env_LIBNOTIFY_LIBS_value=
ac_cv_env_LIBS_set=
ac_cv_env_LIBS_value=
ac_cv_env_PKG_CONFIG_LIBDIR_set=
ac_cv_env_PKG_CONFIG_LIBDIR_value=
ac_cv_env_PKG_CONFIG_PATH_set=
ac_cv_env_PKG_CONFIG_PATH_value=
ac_cv_env_PKG_CONFIG_set=
ac_cv_env_PKG_CONFIG_value=
ac_cv_env_POCKETSPHINX_CFLAGS_set=
ac_cv_env_POCKETSPHINX_CFLAGS_value=
ac_cv_env_POCKETSPHINX_LIBS_set=
ac_cv_env_POCKETSPHINX_LIBS_value=
ac_cv_env_build_alias_set=
ac_cv_env_build_alias_value=
ac_cv_env_host_alias_set=
ac_cv_env_host_alias_value=
ac_cv_env_target_alias_set=
ac_cv_env_target_alias_value=
ac_cv_func_bind_textdomain_codeset=yes
ac_cv_func_dcgettext=yes
ac_cv_header_dlfcn_h=yes
ac_cv_header_inttypes_h=yes
ac_cv_header_libintl_h=yes
ac_cv_header_locale_h=yes
ac_cv_header_memory_h=yes
ac_cv_header_stdc=yes
ac_cv_header_stdint_h=yes
ac_cv_header_stdlib_h=yes
ac_cv_header_string_h=yes
ac_cv_header_strings_h=yes
ac_cv_header_sys_stat_h=yes
ac_cv_header_sys_types_h=yes
ac_cv_header_unistd_h=yes
ac_cv_host=x86_64-unknown-linux-gnu
ac_cv_lib_espeak_espeak_Initialize=yes
ac_cv_objext=o
ac_cv_path_EGREP='/bin/grep -E'
ac_cv_path_FGREP='/bin/grep -F'
ac_cv_path_GMSGFMT=/usr/bin/msgfmt
ac_cv_path_GREP=/bin/grep
ac_cv_path_GTKDOC_CHECK_PATH=/usr/bin/gtkdoc-check
ac_cv_path_GTKDOC_MKPDF=/usr/bin/gtkdoc-mkpdf
ac_cv_path_GTKDOC_REBASE=/usr/bin/gtkdoc-rebase
ac_cv_path_INTLTOOL_EXTRACT=/usr/bin/intltool-extract
ac_cv_path_INTLTOOL_MERGE=/usr/bin/intltool-merge
ac_cv_path_INTLTOOL_PERL=/usr/bin/perl
ac_cv_path_INTLTOOL_UPDATE=/usr/bin/intltool-update
ac_cv_path_MSGFMT=/usr/bin/msgfmt
ac_cv_path_MSGMERGE=/usr/bin/msgmerge
ac_cv_path_SED=/bin/sed
ac_cv_path_XGETTEXT=/usr/bin/xgettext
ac_cv_path_ac_pt_PKG_CONFIG=/usr/bin/pkg-config
ac_cv_path_install='/usr/bin/install -c'
ac_cv_path_mkdir=/bin/mkdir
ac_cv_prog_AWK=gawk
ac_cv_prog_CPP='gcc -E'
ac_cv_prog_GTKDOC_CHECK=gtkdoc-check.test
ac_cv_prog_ac_ct_AR=ar
ac_cv_prog_ac_ct_CC=gcc
ac_cv_prog_ac_ct_MANIFEST_TOOL=mt
ac_cv_prog_ac_ct_OBJDUMP=objdump
ac_cv_prog_ac_ct_RANLIB=ranlib
ac_cv_prog_ac_ct_STRIP=strip
ac_cv_prog_cc_c89=
ac_cv_prog_cc_g=yes
ac_cv_prog_make_make_set=yes
ac_cv_search_strerror='none required'
am_cv_CC_dependencies_compiler_type=gcc3
am_cv_make_support_nested_variables=yes
am_cv_prog_cc_c_o=yes
am_cv_val_LC_MESSAGES=yes
gt_cv_func_dgettext_libc=yes
gt_cv_func_dgettext_libintl=no
gt_cv_func_ngettext_libc=yes
gt_cv_have_gettext=yes
lt_cv_ar_at_file=@
lt_cv_archive_cmds_need_lc=no
lt_cv_deplibs_check_method=pass_all
lt_cv_file_magic_cmd='$MAGIC_CMD'
lt_cv_file_magic_test_file=
lt_cv_ld_reload_flag=-r
lt_cv_nm_interface='BSD nm'
lt_cv_objdir=.libs
lt_cv_path_LD=/usr/bin/ld
lt_cv_path_NM='/usr/bin/nm -B'
lt_cv_path_mainfest_tool=no
lt_cv_prog_compiler_c_o=yes
lt_cv_prog_compiler_pic='-fPIC -DPIC'
lt_cv_prog_compiler_pic_works=yes
lt_cv_prog_compiler_rtti_exceptions=no
lt_cv_prog_compiler_static_works=yes
lt_cv_prog_gnu_ld=yes
lt_cv_sharedlib_from_linklib_cmd='printf %s\n'
lt_cv_shlibpath_overrides_runpath=no
lt_cv_sys_global_symbol_pipe='sed -n -e '\''s/^.*[	 ]\([ABCDGIRSTW][ABCDGIRSTW]*\)[	 ][	 ]*\([_A-Za-z][_A-Za-z0-9]*\)$/\1 \2 \2/p'\'' | sed '\''/ __gnu_lto/d'\'''
lt_cv_sys_global_symbol_to_c_name_address='sed -n -e '\''s/^: \([^ ]*\)[ ]*$/  {\"\1\", (void *) 0},/p'\'' -e '\''s/^[ABCDGIRSTW]* \([^ ]*\) \([^ ]*\)$/  {"\2", (void *) \&\2},/p'\'''
lt_cv_sys_global_symbol_to_c_name_address_lib_prefix='sed -n -e '\''s/^: \([^ ]*\)[ ]*$/  {\"\1\", (void *) 0},/p'\'' -e '\''s/^[ABCDGIRSTW]* \([^ ]*\) \(lib[^ ]*\)$/  {"\2", (void *) \&\2},/p'\'' -e '\''s/^[ABCDGIRSTW]* \([^ ]*\) \([^ ]*\)$/  {"lib\2", (void *) \&\2},/p'\'''
lt_cv_sys_global_symbol_to_cdecl='sed -n -e '\''s/^T .* \(.*\)$/extern int \1();/p'\'' -e '\''s/^[ABCDGIRSTW]* .* \(.*\)$/extern char \1;/p'\'''
lt_cv_sys_max_cmd_len=1572864
lt_cv_to_host_file_cmd=func_convert_file_noop
lt_cv_to_tool_file_cmd=func_convert_file_noop
pkg_cv_APPINDICATOR_CFLAGS='-pthread -I/usr/include/libappindicator3-0.1 -I/usr/include/libdbusmenu-glib-0.4 -I/usr/include/gtk-3.0 -I/usr/include/at-spi2-atk/2.0 -I/usr/include/at-spi-2.0 -I/usr/include/dbus-1.0 -I/usr/lib/x86_64-linux-gnu/dbus-1.0/include -I/usr/include/gtk-3.0 -I/usr/include/gio-unix-2.0/ -I/usr/include/mirclient -I/usr/include/mircommon -I/usr/include/cairo -I/usr/include/pango-1.0 -I/usr/include/harfbuzz -I/usr/include/pango-1.0 -I/usr/include/atk-1.0 -I/usr/include/cairo -I/usr/include/pixman-1 -I/usr/include/freetype2 -I/usr/include/libpng12 -I/usr/include/gdk-pixbuf-2.0 -I/usr/include/libpng12 -I/usr/include/glib-2.0 -I/usr/lib/x86_64-linux-gnu/glib-2.0/include '
pkg_cv_APPINDICATOR_LIBS='-lappindicator3 -ldbusmenu-glib -lgtk-3 -lgdk-3 -lpangocairo-1.0 -lpango-1.0 -latk-1.0 -lcairo-gobject -lcairo -lgdk_pixbuf-2.0 -lgio-2.0 -lgobject-2.0 -lglib-2.0 '
pkg_cv_GDK_CFLAGS='-pthread -I/usr/include/gtk-3.0 -I/usr/include/gio-unix-2.0/ -I/usr/include/mirclient -I/usr/include/mircommon -I/usr/include/cairo -I/usr/include/pango-1.0 -I/usr/include/harfbuzz -I/usr/include/pango-1.0 -I/usr/include/gdk-pixbuf-2.0 -I/usr/include/libpng12 -I/usr/include/cairo -I/usr/include/pixman-1 -I/usr/include/freetype2 -I/usr/include/libpng12 -I/usr/include/glib-2.0 -I/usr/lib/x86_64-linux-gnu/glib-2.0/include '
pkg_cv_GDK_LIBS='-lgdk-3 -lpangocairo-1.0 -lpango-1.0 -lgdk_pixbuf-2.0 -lcairo-gobject -lcairo -lgobject-2.0 -lglib-2.0 '
pkg_cv_GLIB_CFLAGS='-I/usr/include/glib-2.0 -I/usr/lib/x86_64-linux-gnu/glib-2.0/include '
pkg_cv_GLIB_LIBS='-lglib-2.0 '
pkg_cv_GOBJECT_CFLAGS='-I/usr/include/glib-2.0 -I/usr/lib/x86_64-linux-gnu/glib-2.0/include '
pkg_cv_GOBJECT_LIBS='-lgobject-2.0 -lglib-2.0 '
pkg_cv_GSTREAMER_CFLAGS='-pthread -I/usr/include/gstreamer-0.10 -I/usr/include/glib-2.0 -I/usr/lib/x86_64-linux-gnu/glib-2.0/include -I/usr/include/libxml2 '
pkg_cv_GSTREAMER_LIBS='-lgstreamer-0.10 -lgobject-2.0 -lgmodule-2.0 -pthread -lgthread-2.0 -pthread -lglib-2.0 -lxml2 '
pkg_cv_GTK3_CFLAGS='-pthread -I/usr/include/gtk-3.0 -I/usr/include/at-spi2-atk/2.0 -I/usr/include/at-spi-2.0 -I/usr/include/dbus-1.0 -I/usr/lib/x86_64-linux-gnu/dbus-1.0/include -I/usr/include/gtk-3.0 -I/usr/include/gio-unix-2.0/ -I/usr/include/mirclient -I/usr/include/mircommon -I/usr/include/cairo -I/usr/include/pango-1.0 -I/usr/include/harfbuzz -I/usr/include/pango-1.0 -I/usr/include/atk-1.0 -I/usr/include/cairo -I/usr/include/pixman-1 -I/usr/include/freetype2 -I/usr/include/libpng12 -I/usr/include/gdk-pixbuf-2.0 -I/usr/include/libpng12 -I/usr/include/glib-2.0 -I/usr/lib/x86_64-linux-gnu/glib-2.0/include '
pkg_cv_GTK3_LIBS='-lgtk-3 -lgdk-3 -lpangocairo-1.0 -lpango-1.0 -latk-1.0 -lcairo-gobject -lcairo -lgdk_pixbuf-2.0 -lgio-2.0 -lgobject-2.0 -lglib-2.0 '
pkg_cv_GTKDOC_DEPS_CFLAGS='-I/usr/include/glib-2.0 -I/usr/lib/x86_64-linux-gnu/glib-2.0/include '
pkg_cv_GTKDOC_DEPS_LIBS='-lgobject-2.0 -lglib-2.0 '
pkg_cv_LIBNOTIFY_CFLAGS='-pthread -I/usr/include/gdk-pixbuf-2.0 -I/usr/include/libpng12 -I/usr/include/glib-2.0 -I/usr/lib/x86_64-linux-gnu/glib-2.0/include '
pkg_cv_LIBNOTIFY_LIBS='-lnotify -lgdk_pixbuf-2.0 -lgio-2.0 -lgobject-2.0 -lglib-2.0 '
pkg_cv_POCKETSPHINX_CFLAGS='-I/usr/local/include -I/usr/local/include/sphinxbase -I/usr/local/include/pocketsphinx -I/usr/local/include -I/usr/local/include/sphinxbase '
pkg_cv_POCKETSPHINX_LIBS='-L/usr/local/lib -lpocketsphinx -lsphinxbase -lsphinxad -lpthread -lm '

## ----------------- ##
## Output variables. ##
## ----------------- ##










		$(INSTALL_DATA) $^ "$(DESTDIR)$(gsettingsschemadir)"; \
		test -n "$(GSETTINGS_DISABLE_SCHEMAS_COMPILE)$(DESTDIR)" || $(GLIB_COMPILE_SCHEMAS) $(gsettingsschemadir); \
		test -z "$(gsettingsschemadir)" || $(MKDIR_P) "$(DESTDIR)$(gsettingsschemadir)"; \
	$(AM_V_GEN) $(GLIB_COMPILE_SCHEMAS) --strict --dry-run $(addprefix --schema-file=,$(gsettings__enum_file)) --schema-file=$< && mkdir -p $(@D) && touch $@
	$(AM_V_GEN) glib-mkenums --comments '\''<!-- @comment@ -->'\'' --fhead "<schemalist>" --vhead "  <@type@ id='\''$(gsettings_ENUM_NAMESPACE).@EnumName@'\''>" --vprod "    <value nick='\''@valuenick@'\'' value='\''@valuenum@'\''/>" --vtail "  </@type@>" --ftail "</schemalist>" $^ > $@.tmp && mv $@.tmp $@
	@$(NORMAL_INSTALL)
	@$(NORMAL_UNINSTALL)
	@list='\''$(gsettings_SCHEMAS) $(gsettings__enum_file)'\''; test -n "$(gsettingsschemadir)" || list=; \
	cd "$(DESTDIR)$(gsettingsschemadir)" && rm -f $$files
	echo " ( cd '\''$(DESTDIR)$(gsettingsschemadir)'\'' && rm -f" $$files ")"; \
	fi
	files=`for p in $$list; do echo $$p; done | sed -e '\''s|^.*/||'\''`; \
	if test -n "$^"; then \
	rm -f $(gsettings_SCHEMAS:.xml=.valid) $(gsettings__enum_file)
	test -n "$$files" || exit 0; \
	test -n "$(GSETTINGS_DISABLE_SCHEMAS_COMPILE)$(DESTDIR)" || $(GLIB_COMPILE_SCHEMAS) $(gsettingsschemadir)
$(gsettings__enum_file): $(gsettings_ENUM_FILES)
%.gschema.valid: %.gschema.xml $(gsettings__enum_file)
.PHONY : uninstall-gsettings-schemas install-gsettings-schemas clean-gsettings-schemas
.SECONDARY: $(gsettings_SCHEMAS)
ACLOCAL='${SHELL} /home/mohamed/Development/c/pocketVox/missing aclocal-1.14'
ALL_LINGUAS=''
AMDEPBACKSLASH='\'
AMDEP_FALSE='#'
AMDEP_TRUE=''
AMTAR='$${TAR-tar}'
AM_BACKSLASH='\'
AM_DEFAULT_V='$(AM_DEFAULT_VERBOSITY)'
AM_DEFAULT_VERBOSITY='0'
AM_V='$(V)'
APPINDICATOR_CFLAGS='-pthread -I/usr/include/libappindicator3-0.1 -I/usr/include/libdbusmenu-glib-0.4 -I/usr/include/gtk-3.0 -I/usr/include/at-spi2-atk/2.0 -I/usr/include/at-spi-2.0 -I/usr/include/dbus-1.0 -I/usr/lib/x86_64-linux-gnu/dbus-1.0/include -I/usr/include/gtk-3.0 -I/usr/include/gio-unix-2.0/ -I/usr/include/mirclient -I/usr/include/mircommon -I/usr/include/cairo -I/usr/include/pango-1.0 -I/usr/include/harfbuzz -I/usr/include/pango-1.0 -I/usr/include/atk-1.0 -I/usr/include/cairo -I/usr/include/pixman-1 -I/usr/include/freetype2 -I/usr/include/libpng12 -I/usr/include/gdk-pixbuf-2.0 -I/usr/include/libpng12 -I/usr/include/glib-2.0 -I/usr/lib/x86_64-linux-gnu/glib-2.0/include '
APPINDICATOR_LIBS='-lappindicator3 -ldbusmenu-glib -lgtk-3 -lgdk-3 -lpangocairo-1.0 -lpango-1.0 -latk-1.0 -lcairo-gobject -lcairo -lgdk_pixbuf-2.0 -lgio-2.0 -lgobject-2.0 -lglib-2.0 '
AR='ar'
AUTOCONF='${SHELL} /home/mohamed/Development/c/pocketVox/missing autoconf'
AUTOHEADER='${SHELL} /home/mohamed/Development/c/pocketVox/missing autoheader'
AUTOMAKE='${SHELL} /home/mohamed/Development/c/pocketVox/missing automake-1.14'
AWK='gawk'
CATALOGS=''
CATOBJEXT='.gmo'
CC='gcc'
CCDEPMODE='depmode=gcc3'
CFLAGS='-g -O2'
CPP='gcc -E'
CPPFLAGS=''
CYGPATH_W='echo'
DATADIRNAME='share'
DEBUG_CFLAGS='-fno-strict-aliasing -Wall  -Werror  -Wshadow                 -Wno-uninitialized -Wno-strict-aliasing                 -Wformat -Wformat-security                 -Winit-self  -Wpointer-arith'
DEFS='-DHAVE_CONFIG_H'
DEPDIR='.deps'
DLLTOOL='false'
DSYMUTIL=''
DUMPBIN=''
ECHO_C=''
ECHO_N='-n'
ECHO_T=''
EGREP='/bin/grep -E'
ENABLE_GTK_DOC_FALSE='#'
ENABLE_GTK_DOC_TRUE=''
EXEEXT=''
FGREP='/bin/grep -F'
GDK_CFLAGS='-pthread -I/usr/include/gtk-3.0 -I/usr/include/gio-unix-2.0/ -I/usr/include/mirclient -I/usr/include/mircommon -I/usr/include/cairo -I/usr/include/pango-1.0 -I/usr/include/harfbuzz -I/usr/include/pango-1.0 -I/usr/include/gdk-pixbuf-2.0 -I/usr/include/libpng12 -I/usr/include/cairo -I/usr/include/pixman-1 -I/usr/include/freetype2 -I/usr/include/libpng12 -I/usr/include/glib-2.0 -I/usr/lib/x86_64-linux-gnu/glib-2.0/include '
GDK_LIBS='-lgdk-3 -lpangocairo-1.0 -lpango-1.0 -lgdk_pixbuf-2.0 -lcairo-gobject -lcairo -lgobject-2.0 -lglib-2.0 '
GETTEXT_PACKAGE='Pocketvox'
GLIB_CFLAGS='-I/usr/include/glib-2.0 -I/usr/lib/x86_64-linux-gnu/glib-2.0/include '
GLIB_COMPILE_RESOURCES='/usr/lib/x86_64-linux-gnu/glib-2.0/glib-compile-resources'
GLIB_COMPILE_SCHEMAS='/usr/lib/x86_64-linux-gnu/glib-2.0/glib-compile-schemas'
GLIB_GENMARSHAL='glib-genmarshal'
GLIB_LIBS='-lglib-2.0 '
GLIB_MKENUMS='glib-mkenums'
GMOFILES=''
GMSGFMT='/usr/bin/msgfmt'
GOBJECT_CFLAGS='-I/usr/include/glib-2.0 -I/usr/lib/x86_64-linux-gnu/glib-2.0/include '
GOBJECT_LIBS='-lgobject-2.0 -lglib-2.0 '
GOBJECT_QUERY='gobject-query'
GREP='/bin/grep'
GSETTINGS_DISABLE_SCHEMAS_COMPILE=''
GSETTINGS_RULES='
GSTREAMER_CFLAGS='-pthread -I/usr/include/gstreamer-0.10 -I/usr/include/glib-2.0 -I/usr/lib/x86_64-linux-gnu/glib-2.0/include -I/usr/include/libxml2 '
GSTREAMER_LIBS='-lgstreamer-0.10 -lgobject-2.0 -lgmodule-2.0 -pthread -lgthread-2.0 -pthread -lglib-2.0 -lxml2 '
GTK3_CFLAGS='-pthread -I/usr/include/gtk-3.0 -I/usr/include/at-spi2-atk/2.0 -I/usr/include/at-spi-2.0 -I/usr/include/dbus-1.0 -I/usr/lib/x86_64-linux-gnu/dbus-1.0/include -I/usr/include/gtk-3.0 -I/usr/include/gio-unix-2.0/ -I/usr/include/mirclient -I/usr/include/mircommon -I/usr/include/cairo -I/usr/include/pango-1.0 -I/usr/include/harfbuzz -I/usr/include/pango-1.0 -I/usr/include/atk-1.0 -I/usr/include/cairo -I/usr/include/pixman-1 -I/usr/include/freetype2 -I/usr/include/libpng12 -I/usr/include/gdk-pixbuf-2.0 -I/usr/include/libpng12 -I/usr/include/glib-2.0 -I/usr/lib/x86_64-linux-gnu/glib-2.0/include '
GTK3_LIBS='-lgtk-3 -lgdk-3 -lpangocairo-1.0 -lpango-1.0 -latk-1.0 -lcairo-gobject -lcairo -lgdk_pixbuf-2.0 -lgio-2.0 -lgobject-2.0 -lglib-2.0 '
GTKDOC_CHECK='gtkdoc-check.test'
GTKDOC_CHECK_PATH='/usr/bin/gtkdoc-check'
GTKDOC_DEPS_CFLAGS='-I/usr/include/glib-2.0 -I/usr/lib/x86_64-linux-gnu/glib-2.0/include '
GTKDOC_DEPS_LIBS='-lgobject-2.0 -lglib-2.0 '
GTKDOC_MKPDF='/usr/bin/gtkdoc-mkpdf'
GTKDOC_REBASE='/usr/bin/gtkdoc-rebase'
GTK_DOC_BUILD_HTML_FALSE='#'
GTK_DOC_BUILD_HTML_TRUE=''
GTK_DOC_BUILD_PDF_FALSE=''
GTK_DOC_BUILD_PDF_TRUE='#'
GTK_DOC_USE_LIBTOOL_FALSE='#'
GTK_DOC_USE_LIBTOOL_TRUE=''
GTK_DOC_USE_REBASE_FALSE='#'
GTK_DOC_USE_REBASE_TRUE=''
HAVE_GTK_DOC_FALSE='#'
HAVE_GTK_DOC_TRUE=''
HAVE_INTROSPECTION_FALSE='#'
HAVE_INTROSPECTION_TRUE=''
HAVE_LIBESPEAK_FALSE='#'
HAVE_LIBESPEAK_TRUE=''
HTML_DIR='${datadir}/gtk-doc/html'
INSTALL_DATA='${INSTALL} -m 644'
INSTALL_PROGRAM='${INSTALL}'
INSTALL_SCRIPT='${INSTALL}'
INSTALL_STRIP_PROGRAM='$(install_sh) -c -s'
INSTOBJEXT='.mo'
INTLLIBS=''
INTLTOOL_CAVES_RULE='%.caves:     %.caves.in     $(INTLTOOL_MERGE) $(wildcard $(top_srcdir)/po/*.po) ; $(INTLTOOL_V_MERGE)LC_ALL=C $(INTLTOOL_MERGE) $(INTLTOOL_V_MERGE_OPTIONS) -d -u -c $(top_builddir)/po/.intltool-merge-cache $(top_srcdir)/po $< $@'
INTLTOOL_DESKTOP_RULE='%.desktop:   %.desktop.in   $(INTLTOOL_MERGE) $(wildcard $(top_srcdir)/po/*.po) ; $(INTLTOOL_V_MERGE)LC_ALL=C $(INTLTOOL_MERGE) $(INTLTOOL_V_MERGE_OPTIONS) -d -u -c $(top_builddir)/po/.intltool-merge-cache $(top_srcdir)/po $< $@'
INTLTOOL_DIRECTORY_RULE='%.directory: %.directory.in $(INTLTOOL_MERGE) $(wildcard $(top_srcdir)/po/*.po) ; $(INTLTOOL_V_MERGE)LC_ALL=C $(INTLTOOL_MERGE) $(INTLTOOL_V_MERGE_OPTIONS) -d -u -c $(top_builddir)/po/.intltool-merge-cache $(top_srcdir)/po $< $@'
INTLTOOL_EXTRACT='/usr/bin/intltool-extract'
INTLTOOL_KBD_RULE='%.kbd:       %.kbd.in       $(INTLTOOL_MERGE) $(wildcard $(top_srcdir)/po/*.po) ; $(INTLTOOL_V_MERGE)LC_ALL=C $(INTLTOOL_MERGE) $(INTLTOOL_V_MERGE_OPTIONS) -x -u -m -c $(top_builddir)/po/.intltool-merge-cache $(top_srcdir)/po $< $@'
INTLTOOL_KEYS_RULE='%.keys:      %.keys.in      $(INTLTOOL_MERGE) $(wildcard $(top_srcdir)/po/*.po) ; $(INTLTOOL_V_MERGE)LC_ALL=C $(INTLTOOL_MERGE) $(INTLTOOL_V_MERGE_OPTIONS) -k -u -c $(top_builddir)/po/.intltool-merge-cache $(top_srcdir)/po $< $@'
INTLTOOL_MERGE='/usr/bin/intltool-merge'
INTLTOOL_OAF_RULE='%.oaf:       %.oaf.in       $(INTLTOOL_MERGE) $(wildcard $(top_srcdir)/po/*.po) ; $(INTLTOOL_V_MERGE)LC_ALL=C $(INTLTOOL_MERGE) $(INTLTOOL_V_MERGE_OPTIONS) -o -p $(top_srcdir)/po $< $@'
INTLTOOL_PERL='/usr/bin/perl'
INTLTOOL_POLICY_RULE='%.policy:    %.policy.in    $(INTLTOOL_MERGE) $(wildcard $(top_srcdir)/po/*.po) ; $(INTLTOOL_V_MERGE)LC_ALL=C $(INTLTOOL_MERGE) $(INTLTOOL_V_MERGE_OPTIONS) -x -u -c $(top_builddir)/po/.intltool-merge-cache $(top_srcdir)/po $< $@'
INTLTOOL_PONG_RULE='%.pong:      %.pong.in      $(INTLTOOL_MERGE) $(wildcard $(top_srcdir)/po/*.po) ; $(INTLTOOL_V_MERGE)LC_ALL=C $(INTLTOOL_MERGE) $(INTLTOOL_V_MERGE_OPTIONS) -x -u -c $(top_builddir)/po/.intltool-merge-cache $(top_srcdir)/po $< $@'
INTLTOOL_PROP_RULE='%.prop:      %.prop.in      $(INTLTOOL_MERGE) $(wildcard $(top_srcdir)/po/*.po) ; $(INTLTOOL_V_MERGE)LC_ALL=C $(INTLTOOL_MERGE) $(INTLTOOL_V_MERGE_OPTIONS) -d -u -c $(top_builddir)/po/.intltool-merge-cache $(top_srcdir)/po $< $@'
INTLTOOL_SCHEMAS_RULE='%.schemas:   %.schemas.in   $(INTLTOOL_MERGE) $(wildcard $(top_srcdir)/po/*.po) ; $(INTLTOOL_V_MERGE)LC_ALL=C $(INTLTOOL_MERGE) $(INTLTOOL_V_MERGE_OPTIONS) -s -u -c $(top_builddir)/po/.intltool-merge-cache $(top_srcdir)/po $< $@'
INTLTOOL_SERVER_RULE='%.server:    %.server.in    $(INTLTOOL_MERGE) $(wildcard $(top_srcdir)/po/*.po) ; $(INTLTOOL_V_MERGE)LC_ALL=C $(INTLTOOL_MERGE) $(INTLTOOL_V_MERGE_OPTIONS) -o -u -c $(top_builddir)/po/.intltool-merge-cache $(top_srcdir)/po $< $@'
INTLTOOL_SERVICE_RULE='%.service: %.service.in   $(INTLTOOL_MERGE) $(wildcard $(top_srcdir)/po/*.po) ; $(INTLTOOL_V_MERGE)LC_ALL=C $(INTLTOOL_MERGE) $(INTLTOOL_V_MERGE_OPTIONS) -d -u -c $(top_builddir)/po/.intltool-merge-cache $(top_srcdir)/po $< $@'
INTLTOOL_SHEET_RULE='%.sheet:     %.sheet.in     $(INTLTOOL_MERGE) $(wildcard $(top_srcdir)/po/*.po) ; $(INTLTOOL_V_MERGE)LC_ALL=C $(INTLTOOL_MERGE) $(INTLTOOL_V_MERGE_OPTIONS) -x -u -c $(top_builddir)/po/.intltool-merge-cache $(top_srcdir)/po $< $@'
INTLTOOL_SOUNDLIST_RULE='%.soundlist: %.soundlist.in $(INTLTOOL_MERGE) $(wildcard $(top_srcdir)/po/*.po) ; $(INTLTOOL_V_MERGE)LC_ALL=C $(INTLTOOL_MERGE) $(INTLTOOL_V_MERGE_OPTIONS) -d -u -c $(top_builddir)/po/.intltool-merge-cache $(top_srcdir)/po $< $@'
INTLTOOL_THEME_RULE='%.theme:     %.theme.in     $(INTLTOOL_MERGE) $(wildcard $(top_srcdir)/po/*.po) ; $(INTLTOOL_V_MERGE)LC_ALL=C $(INTLTOOL_MERGE) $(INTLTOOL_V_MERGE_OPTIONS) -d -u -c $(top_builddir)/po/.intltool-merge-cache $(top_srcdir)/po $< $@'
INTLTOOL_UI_RULE='%.ui:        %.ui.in        $(INTLTOOL_MERGE) $(wildcard $(top_srcdir)/po/*.po) ; $(INTLTOOL_V_MERGE)LC_ALL=C $(INTLTOOL_MERGE) $(INTLTOOL_V_MERGE_OPTIONS) -x -u -c $(top_builddir)/po/.intltool-merge-cache $(top_srcdir)/po $< $@'
INTLTOOL_UPDATE='/usr/bin/intltool-update'
INTLTOOL_V_MERGE='$(INTLTOOL__v_MERGE_$(V))'
INTLTOOL_V_MERGE_OPTIONS='$(intltool__v_merge_options_$(V))'
INTLTOOL_XAM_RULE='%.xam:       %.xml.in       $(INTLTOOL_MERGE) $(wildcard $(top_srcdir)/po/*.po) ; $(INTLTOOL_V_MERGE)LC_ALL=C $(INTLTOOL_MERGE) $(INTLTOOL_V_MERGE_OPTIONS) -x -u -c $(top_builddir)/po/.intltool-merge-cache $(top_srcdir)/po $< $@'
INTLTOOL_XML_NOMERGE_RULE='%.xml:       %.xml.in       $(INTLTOOL_MERGE) ; $(INTLTOOL_V_MERGE)LC_ALL=C $(INTLTOOL_MERGE) $(INTLTOOL_V_MERGE_OPTIONS) -x -u --no-translations $< $@'
INTLTOOL_XML_RULE='%.xml:       %.xml.in       $(INTLTOOL_MERGE) $(wildcard $(top_srcdir)/po/*.po) ; $(INTLTOOL_V_MERGE)LC_ALL=C $(INTLTOOL_MERGE) $(INTLTOOL_V_MERGE_OPTIONS) -x -u -c $(top_builddir)/po/.intltool-merge-cache $(top_srcdir)/po $< $@'
INTLTOOL__v_MERGE_0='@echo "  ITMRG " $@;'
INTLTOOL__v_MERGE_='$(INTLTOOL__v_MERGE_$(AM_DEFAULT_VERBOSITY))'
INTROSPECTION_CFLAGS='-pthread -I/usr/include/glib-2.0 -I/usr/lib/x86_64-linux-gnu/glib-2.0/include -I/usr/include/gobject-introspection-1.0 '
INTROSPECTION_COMPILER='/usr/bin/g-ir-compiler'
INTROSPECTION_GENERATE='/usr/bin/g-ir-generate'
INTROSPECTION_GIRDIR='/usr/share/gir-1.0'
INTROSPECTION_LIBS='-lgirepository-1.0 -lgobject-2.0 -lglib-2.0 '
INTROSPECTION_MAKEFILE='/usr/share/gobject-introspection-1.0/Makefile.introspection'
INTROSPECTION_SCANNER='/usr/bin/g-ir-scanner'
INTROSPECTION_TYPELIBDIR='/usr/lib/girepository-1.0'
LD='/usr/bin/ld -m elf_x86_64'
LDFLAGS=''
LIBNOTIFY_CFLAGS='-pthread -I/usr/include/gdk-pixbuf-2.0 -I/usr/include/libpng12 -I/usr/include/glib-2.0 -I/usr/lib/x86_64-linux-gnu/glib-2.0/include '
LIBNOTIFY_LIBS='-lnotify -lgdk_pixbuf-2.0 -lgio-2.0 -lgobject-2.0 -lglib-2.0 '
LIBOBJS=''
LIBS='-lespeak '
LIBTOOL='$(SHELL) $(top_builddir)/libtool'
LIPO=''
LN_S='ln -s'
LTLIBOBJS=''
MAINT='#'
MAINTAINER_MODE_FALSE=''
MAINTAINER_MODE_TRUE='#'
MAKEINFO='${SHELL} /home/mohamed/Development/c/pocketVox/missing makeinfo'
MANIFEST_TOOL=':'
MKDIR_P='/bin/mkdir -p'
MKINSTALLDIRS='./mkinstalldirs'
MSGFMT='/usr/bin/msgfmt'
MSGFMT_OPTS='-c'
MSGMERGE='/usr/bin/msgmerge'
NM='/usr/bin/nm -B'
NMEDIT=''
OBJDUMP='objdump'
OBJEXT='o'
OTOOL64=''
OTOOL=''
PACKAGE='pocketvox'
PACKAGE_BUGREPORT=''
PACKAGE_NAME='pocketvox'
PACKAGE_STRING='pocketvox 0.0.1'
PACKAGE_TARNAME='pocketvox'
PACKAGE_URL=''
PACKAGE_VERSION='0.0.1'
PATH_SEPARATOR=':'
PKG_CONFIG='/usr/bin/pkg-config'
PKG_CONFIG_LIBDIR=''
PKG_CONFIG_PATH=':/usr/local/lib/pkgconfig:/usr/lib/i386-linux-gnu/pkgconfig'
POCKETSPHINX_CFLAGS='-I/usr/local/include -I/usr/local/include/sphinxbase -I/usr/local/include/pocketsphinx -I/usr/local/include -I/usr/local/include/sphinxbase '
POCKETSPHINX_LIBS='-L/usr/local/lib -lpocketsphinx -lsphinxbase -lsphinxad -lpthread -lm '
POCKETVOX_MAJOR_VERSION='0'
POCKETVOX_MICRO_VERSION='1'
POCKETVOX_MINOR_VERSION='0'
POCKETVOX_VERSION='0.0.1'
POFILES=''
POSUB='po'
PO_IN_DATADIR_FALSE=''
PO_IN_DATADIR_TRUE=''
PREFIX='NONE'
PROGRAMNAME_LOCALEDIR='${datarootdir}/locale'
RANLIB='ranlib'
SED='/bin/sed'
SET_MAKE=''
SHELL='/bin/bash'
STRIP='strip'
USE_NLS='yes'
VERSION='0.0.1'
XGETTEXT='/usr/bin/xgettext'
ac_ct_AR='ar'
ac_ct_CC='gcc'
ac_ct_DUMPBIN=''
all-am: $(gsettings_SCHEMAS:.xml=.valid)
am__EXEEXT_FALSE=''
am__EXEEXT_TRUE='#'
am__fastdepCC_FALSE='#'
am__fastdepCC_TRUE=''
am__include='include'
am__isrc=''
am__leading_dot='.'
am__nodep='_no'
am__quote=''
am__tar='$${TAR-tar} chof - "$$tardir"'
am__untar='$${TAR-tar} xf -'
bindir='${exec_prefix}/bin'
build='x86_64-unknown-linux-gnu'
build_alias=''
build_cpu='x86_64'
build_os='linux-gnu'
build_vendor='unknown'
clean-gsettings-schemas:
datadir='${datarootdir}'
datarootdir='${prefix}/share'
docdir='${datarootdir}/doc/${PACKAGE_TARNAME}'
dvidir='${docdir}'
endif'
exec_prefix='${prefix}'
gsettings__enum_file = $(addsuffix .enums.xml,$(gsettings_ENUM_NAMESPACE))
gsettingsschemadir='${datarootdir}/glib-2.0/schemas'
host='x86_64-unknown-linux-gnu'
host_alias=''
host_cpu='x86_64'
host_os='linux-gnu'
host_vendor='unknown'
htmldir='${docdir}'
ifdef gsettings_ENUM_NAMESPACE
includedir='${prefix}/include'
infodir='${datarootdir}/info'
install-data-am: install-gsettings-schemas
install-gsettings-schemas: $(gsettings_SCHEMAS) $(gsettings__enum_file)
install_sh='${SHELL} /home/mohamed/Development/c/pocketVox/install-sh'
intltool__v_merge_options_0='-q'
intltool__v_merge_options_='$(intltool__v_merge_options_$(AM_DEFAULT_VERBOSITY))'
libdir='${exec_prefix}/lib'
libexecdir='${exec_prefix}/libexec'
localedir='${datarootdir}/locale'
localstatedir='${prefix}/var'
mandir='${datarootdir}/man'
mkdir_p='$(MKDIR_P)'
mostlyclean-am: clean-gsettings-schemas
oldincludedir='/usr/include'
pdfdir='${docdir}'
prefix='/usr/local'
program_transform_name='s,x,x,'
psdir='${docdir}'
sbindir='${exec_prefix}/sbin'
sharedstatedir='${prefix}/com'
sysconfdir='${prefix}/etc'
target_alias=''
uninstall-am: uninstall-gsettings-schemas
uninstall-gsettings-schemas:

## ----------- ##
## confdefs.h. ##
## ----------- ##

/* confdefs.h */
#define PACKAGE_NAME "pocketvox"
#define PACKAGE_TARNAME "pocketvox"
#define PACKAGE_VERSION "0.0.1"
#define PACKAGE_STRING "pocketvox 0.0.1"
#define PACKAGE_BUGREPORT ""
#define PACKAGE_URL ""
#define PACKAGE "pocketvox"
#define VERSION "0.0.1"
#define STDC_HEADERS 1
#define HAVE_SYS_TYPES_H 1
#define HAVE_SYS_STAT_H 1
#define HAVE_STDLIB_H 1
#define HAVE_STRING_H 1
#define HAVE_MEMORY_H 1
#define HAVE_STRINGS_H 1
#define HAVE_INTTYPES_H 1
#define HAVE_STDINT_H 1
#define HAVE_UNISTD_H 1
#define HAVE_DLFCN_H 1
#define LT_OBJDIR ".libs/"
#define STDC_HEADERS 1
#define POCKETVOX_PREFIX "NONE"
#define HAVE_LIBESPEAK 1
#define GETTEXT_PACKAGE "Pocketvox"
#define HAVE_LOCALE_H 1
#define HAVE_LC_MESSAGES 1
#define HAVE_BIND_TEXTDOMAIN_CODESET 1
#define HAVE_GETTEXT 1
#define HAVE_DCGETTEXT 1
#define ENABLE_NLS 1

configure: exit 0
